<?xml version="1.0" encoding="UTF-8"?>
<!-- Generated by org.testng.reporters.JUnitReportReporter -->
<testsuite hostname="MSI" failures="0" tests="5" name="apiTestCases.ValidateUserInfoTest" time="11.393" errors="0" timestamp="2024-08-17T19:31:37 IST" skipped="0">
  <testcase classname="apiTestCases.ValidateUserInfoTest" name="validateUserInfoTest" time="3.425"/>
  <system-out/>
  <testcase classname="apiTestCases.ValidateUserInfoTest" name="validateUserInfoTest" time="1.471"/>
  <system-out/>
  <testcase classname="apiTestCases.ValidateUserInfoTest" name="validateUserInfoTest" time="2.339"/>
  <system-out/>
  <testcase classname="apiTestCases.ValidateUserInfoTest" name="validateUserInfoTest" time="2.384"/>
  <system-out/>
  <testcase classname="apiTestCases.ValidateUserInfoTest" name="validateUserInfoTest" time="1.774"/>
  <system-out/>
</testsuite> <!-- apiTestCases.ValidateUserInfoTest -->
