<?xml version="1.0" encoding="UTF-8"?>
<!-- Generated by org.testng.reporters.JUnitReportReporter -->
<testsuite hostname="MSI" failures="0" tests="5" name="apiTestCases.ValidateUserInfoTest" time="11.546" errors="0" timestamp="2024-08-17T19:24:18 IST" skipped="0">
  <testcase classname="apiTestCases.ValidateUserInfoTest" name="validateUserInfoTest" time="3.244"/>
  <system-out/>
  <testcase classname="apiTestCases.ValidateUserInfoTest" name="validateUserInfoTest" time="2.434"/>
  <system-out/>
  <testcase classname="apiTestCases.ValidateUserInfoTest" name="validateUserInfoTest" time="2.572"/>
  <system-out/>
  <testcase classname="apiTestCases.ValidateUserInfoTest" name="validateUserInfoTest" time="1.812"/>
  <system-out/>
  <testcase classname="apiTestCases.ValidateUserInfoTest" name="validateUserInfoTest" time="1.484"/>
  <system-out/>
</testsuite> <!-- apiTestCases.ValidateUserInfoTest -->
