<?xml version="1.0" encoding="UTF-8"?>
<!-- Generated by org.testng.reporters.JUnitReportReporter -->
<testsuite hostname="MSI" failures="0" tests="5" name="apiTestCases.GetUserInfoTest" time="10.611" errors="0" timestamp="2024-08-17T19:23:42 IST" skipped="0">
  <testcase classname="apiTestCases.GetUserInfoTest" name="getUserInfo" time="2.999"/>
  <system-out/>
  <testcase classname="apiTestCases.GetUserInfoTest" name="getUserInfo" time="2.567"/>
  <system-out/>
  <testcase classname="apiTestCases.GetUserInfoTest" name="getUserInfo" time="1.884"/>
  <system-out/>
  <testcase classname="apiTestCases.GetUserInfoTest" name="getUserInfo" time="1.971"/>
  <system-out/>
  <testcase classname="apiTestCases.GetUserInfoTest" name="getUserInfo" time="1.190"/>
  <system-out/>
</testsuite> <!-- apiTestCases.GetUserInfoTest -->
