<?xml version="1.0" encoding="UTF-8"?>
<!-- Generated by org.testng.reporters.JUnitReportReporter -->
<testsuite hostname="MSI" failures="0" tests="5" name="apiTestCases.UserInfo" time="7.991" errors="0" timestamp="2024-08-16T14:52:53 IST" skipped="0">
  <testcase classname="apiTestCases.UserInfo" name="getUserInfo" time="1.370"/>
  <system-out/>
  <testcase classname="apiTestCases.UserInfo" name="getUserInfo" time="1.282"/>
  <system-out/>
  <testcase classname="apiTestCases.UserInfo" name="getUserInfo" time="1.308"/>
  <system-out/>
  <testcase classname="apiTestCases.UserInfo" name="getUserInfo" time="1.376"/>
  <system-out/>
  <testcase classname="apiTestCases.UserInfo" name="getUserInfo" time="2.655"/>
  <system-out/>
</testsuite> <!-- apiTestCases.UserInfo -->
