<?xml version="1.0" encoding="UTF-8"?>
<!-- Generated by org.testng.reporters.JUnitReportReporter -->
<testsuite hostname="MSI" failures="0" tests="5" name="apiTestCases.GetUserInfoTest" time="12.871" errors="0" timestamp="2024-08-17T19:31:37 IST" skipped="0">
  <testcase classname="apiTestCases.GetUserInfoTest" name="getUserInfo" time="4.042"/>
  <system-out/>
  <testcase classname="apiTestCases.GetUserInfoTest" name="getUserInfo" time="1.627"/>
  <system-out/>
  <testcase classname="apiTestCases.GetUserInfoTest" name="getUserInfo" time="2.594"/>
  <system-out/>
  <testcase classname="apiTestCases.GetUserInfoTest" name="getUserInfo" time="2.837"/>
  <system-out/>
  <testcase classname="apiTestCases.GetUserInfoTest" name="getUserInfo" time="1.771"/>
  <system-out/>
</testsuite> <!-- apiTestCases.GetUserInfoTest -->
